This is pdfTeX, Version 3.14159265-2.6-1.40.17 (TeX Live 2016) (preloaded format=pdflatex 2016.5.22)  8 MAR 2017 05:33
entering extended mode
 restricted \write18 enabled.
 %&-line parsing enabled.
**/Users/andrewlee/Documents/School/Spring2017/Algorithms/Homework/hw13/f1.tex
(/Users/andrewlee/Documents/School/Spring2017/Algorithms/Homework/hw13/f1.tex
LaTeX2e <2016/03/31>
Babel <3.9r> and hyphenation patterns for 83 language(s) loaded.
(/usr/local/texlive/2016/texmf-dist/tex/latex/base/article.cls
Document Class: article 2014/09/29 v1.4h Standard LaTeX document class
(/usr/local/texlive/2016/texmf-dist/tex/latex/base/size10.clo
File: size10.clo 2014/09/29 v1.4h Standard LaTeX file (size option)
)
\c@part=\count79
\c@section=\count80
\c@subsection=\count81
\c@subsubsection=\count82
\c@paragraph=\count83
\c@subparagraph=\count84
\c@figure=\count85
\c@table=\count86
\abovecaptionskip=\skip41
\belowcaptionskip=\skip42
\bibindent=\dimen102
) (/Users/andrewlee/Documents/School/Spring2017/Algorithms/Homework/hw13/f1.aux
)
\openout1 = `f1.aux'.

LaTeX Font Info:    Checking defaults for OML/cmm/m/it on input line 1.
LaTeX Font Info:    ... okay on input line 1.
LaTeX Font Info:    Checking defaults for T1/cmr/m/n on input line 1.
LaTeX Font Info:    ... okay on input line 1.
LaTeX Font Info:    Checking defaults for OT1/cmr/m/n on input line 1.
LaTeX Font Info:    ... okay on input line 1.
LaTeX Font Info:    Checking defaults for OMS/cmsy/m/n on input line 1.
LaTeX Font Info:    ... okay on input line 1.
LaTeX Font Info:    Checking defaults for OMX/cmex/m/n on input line 1.
LaTeX Font Info:    ... okay on input line 1.
LaTeX Font Info:    Checking defaults for U/cmr/m/n on input line 1.
LaTeX Font Info:    ... okay on input line 1.
! Missing $ inserted.
<inserted text> 
                $
l.2 ...(a) Show that in an undirected graph, }\sum
                                                  _{u\in V} d(u) = 2|E|.\\
I've inserted a begin-math/end-math symbol since I think
you left one out. Proceed, with fingers crossed.

LaTeX Font Info:    External font `cmex10' loaded for size
(Font)              <7> on input line 2.
LaTeX Font Info:    External font `cmex10' loaded for size
(Font)              <5> on input line 2.
! Missing $ inserted.
<inserted text> 
                $
l.21 
     
I've inserted a begin-math/end-math symbol since I think
you left one out. Proceed, with fingers crossed.


Overfull \hbox (25.26682pt too wide) in paragraph at lines 2--21
[]\OML/cmm/m/it/10 u \OMS/cmsy/m/n/10 9[]\OML/cmm/m/it/10 v\OMS/cmsy/m/n/10 j\O
ML/cmm/m/it/10 u[][] 
 []


Overfull \hbox (82.19508pt too wide) in paragraph at lines 2--21
[][] 
 []


Overfull \hbox (57.50403pt too wide) in paragraph at lines 2--21
\OMS/cmsy/m/n/10 f\OT1/cmr/m/n/10 (2\OML/cmm/m/it/10 k \OT1/cmr/m/n/10 + 1)[]\O
ML/cmm/m/it/10 ; \OT1/cmr/m/n/10 (2\OML/cmm/m/it/10 k \OT1/cmr/m/n/10 + 1)[]\OM
L/cmm/m/it/10 ; :::; \OT1/cmr/m/n/10 (2\OML/cmm/m/it/10 k \OT1/cmr/m/n/10 + 1)[
]\OMS/cmsy/m/n/10 g[]\OML/cmm/m/it/10 d \OT1/cmr/m/n/10 = 2\OML/cmm/m/it/10 k \
OT1/cmr/m/n/10 + 1\OML/cmm/m/it/10 ; []\OT1/cmr/m/n/10 2\OML/cmm/m/it/10 t \OT1
/cmr/m/n/10 + 1[][] 
 []


Overfull \hbox (29.23666pt too wide) in paragraph at lines 2--21
[]\OT1/cmr/m/n/10 2\OML/cmm/m/it/10 k \OT1/cmr/m/n/10 + 1[]2\OML/cmm/m/it/10 k 
\OT1/cmr/m/n/10 +
 []


Overfull \hbox (0.57686pt too wide) in paragraph at lines 2--21
[]\OT1/cmr/m/n/10 2\OML/cmm/m/it/10 k \OT1/cmr/m/n/10 + 1[][] 
 []


Overfull \hbox (56.32712pt too wide) in paragraph at lines 2--21
\OT1/cmr/m/n/10 + 1[] \OMS/cmsy/m/n/10 ^^@ \OT1/cmr/m/n/10 1[]2\OML/cmm/m/it/10
 k[][] 
 []


Overfull \hbox (18.1117pt too wide) in paragraph at lines 2--21
[][] 
 []


Overfull \hbox (6.3617pt too wide) in paragraph at lines 2--21
[][] 
 []


Overfull \hbox (26.83398pt too wide) in paragraph at lines 2--21
[][] 
 []


Overfull \hbox (67.58403pt too wide) in paragraph at lines 2--21
[][] 
 []

[1

{/usr/local/texlive/2016/texmf-var/fonts/map/pdftex/updmap/pdftex.map}] (/Users
/andrewlee/Documents/School/Spring2017/Algorithms/Homework/hw13/f1.aux) ) 
Here is how much of TeX's memory you used:
 205 strings out of 493014
 2777 string characters out of 6133351
 58601 words of memory out of 5000000
 3832 multiletter control sequences out of 15000+600000
 3640 words of font info for 14 fonts, out of 8000000 for 9000
 1141 hyphenation exceptions out of 8191
 23i,4n,17p,336b,107s stack positions out of 5000i,500n,10000p,200000b,80000s
</usr/
local/texlive/2016/texmf-dist/fonts/type1/public/amsfonts/cm/cmex10.pfb></usr/l
ocal/texlive/2016/texmf-dist/fonts/type1/public/amsfonts/cm/cmmi10.pfb></usr/lo
cal/texlive/2016/texmf-dist/fonts/type1/public/amsfonts/cm/cmmi7.pfb></usr/loca
l/texlive/2016/texmf-dist/fonts/type1/public/amsfonts/cm/cmr10.pfb></usr/local/
texlive/2016/texmf-dist/fonts/type1/public/amsfonts/cm/cmr7.pfb></usr/local/tex
live/2016/texmf-dist/fonts/type1/public/amsfonts/cm/cmsy10.pfb></usr/local/texl
ive/2016/texmf-dist/fonts/type1/public/amsfonts/cm/cmsy7.pfb>
Output written on /Users/andrewlee/Documents/School/Spring2017/Algorithms/Homew
ork/hw13/f1.pdf (1 page, 68902 bytes).
PDF statistics:
 36 PDF objects out of 1000 (max. 8388607)
 25 compressed objects within 1 object stream
 0 named destinations out of 1000 (max. 500000)
 1 words of extra memory for PDF output out of 10000 (max. 10000000)

